<?xml version="1.0" encoding="UTF-8"?>
<!-- Generated by org.testng.reporters.JUnitXMLReporter -->
<testsuite ignored="0" hostname="Hassan-Ka" failures="0" tests="3" name="Test" time="43.876" errors="0" timestamp="2022-11-12T14:18:50 EST">
  <testcase classname="parameterization.Class2_parameter" name="test1" time="9.03"/>
  <testcase classname="parameterization.Class3_parameter" name="test1" time="26.894"/>
  <testcase classname="parameterization.Class1_parameter" name="test1" time="7.896"/>
</testsuite> <!-- Test -->
