<?xml version="1.0" encoding="UTF-8"?>
<testng-results ignored="0" total="3" passed="3" failed="0" skipped="0">
  <reporter-output>
  </reporter-output>
  <suite started-at="2022-11-12T14:18:06 EST" name="Suite" finished-at="2022-11-12T14:18:49 EST" duration-ms="43876">
    <groups>
    </groups>
    <test started-at="2022-11-12T14:18:06 EST" name="Test" finished-at="2022-11-12T14:18:49 EST" duration-ms="43876">
      <class name="parameterization.Class1_parameter">
        <test-method signature="test1()[pri:0, instance:parameterization.Class1_parameter@2c1b194a]" started-at="2022-11-12T14:18:42 EST" name="test1" finished-at="2022-11-12T14:18:49 EST" duration-ms="7896" status="PASS">
          <reporter-output>
          </reporter-output>
        </test-method> <!-- test1 -->
      </class> <!-- parameterization.Class1_parameter -->
      <class name="parameterization.Class3_parameter">
        <test-method signature="test1()[pri:0, instance:parameterization.Class3_parameter@32502377]" started-at="2022-11-12T14:18:15 EST" name="test1" finished-at="2022-11-12T14:18:42 EST" duration-ms="26894" status="PASS">
          <reporter-output>
          </reporter-output>
        </test-method> <!-- test1 -->
      </class> <!-- parameterization.Class3_parameter -->
      <class name="parameterization.Class2_parameter">
        <test-method signature="test1()[pri:0, instance:parameterization.Class2_parameter@6392827e]" started-at="2022-11-12T14:18:06 EST" name="test1" finished-at="2022-11-12T14:18:15 EST" duration-ms="9030" status="PASS">
          <reporter-output>
          </reporter-output>
        </test-method> <!-- test1 -->
      </class> <!-- parameterization.Class2_parameter -->
    </test> <!-- Test -->
  </suite> <!-- Suite -->
</testng-results>
